[2023-12-13 09:18:07.139] RunSvc [debug] Logger RunSvc configured.
[2023-12-13 09:18:07.139] RunSvc [info] Logger recreated.
[2023-12-13 09:18:07.139] RunSvc [info] Service initialization...
[2023-12-13 09:18:07.139] RunSvc [info] Importing configuration from:
../jobs/web/web_job.toml
[2023-12-13 09:18:07.139] RunSvc [info] Launching 4 thread(s)
[2023-12-13 09:18:07.139] RunSvc [info] Launching emstandard_opt3 physics model
[2023-12-13 09:18:07.139] RunSvc [info] Launching 1 control points
[2023-12-13 09:18:07.180] RunSvc [info] FullSimulationMode
[2023-12-13 09:18:07.180] RunSvc [info] RNG Seed: 137 
[2023-12-13 09:18:07.180] RunSvc [info] UserG4Initialization...
[2023-12-13 09:18:07.184] RunSvc [info] Initialisation elapsed time [s]: 0.003358939
[2023-12-13 09:18:26.330] RunSvc [debug] Writing Geometry Data
[2023-12-13 09:18:26.738] RunSvc [debug] Writing Control Point Data (CP-0)
[2023-12-13 09:18:26.875] RunSvc [info] Output dir: /home/geant4/workspace/g4rt/output/web_job_example_4
[2023-12-13 09:18:26.941] RunSvc [debug] AddFile: /home/geant4/workspace/g4rt/output/web_job_example_4/sim/cp-0_sim.root
[2023-12-13 09:18:26.941] RunSvc [debug] AddFile: /home/geant4/workspace/g4rt/output/web_job_example_4/sim/cp-0_field_mask.root
[2023-12-13 09:18:26.941] RunSvc [debug] AddFile: /home/geant4/workspace/g4rt/output/web_job_example_4/geo/world_geometry.root
[2023-12-13 09:18:27.021] RunSvc [info] Merging to file: /home/geant4/workspace/g4rt/output/web_job_example_4/web_job_example.root - done!
[2023-12-13 09:18:27.021] RunSvc [info] Goodbye from G4RT!
