[2023-12-13 17:07:45.276] G4Cout [debug] Logger G4Cout configured.
[2023-12-13 17:07:45.276] G4Cout [info] [INFO]:: UIManager :: Applying command :: /run/initialize
[2023-12-13 17:07:45.276] G4Cout [info] [INFO]:: NTupleEventAnalisys:: Creating tree:  Dose3D
[2023-12-13 17:07:45.276] G4Cout [info] [INFO]:: NTupleEventAnalisys:: Creating tree:  Dose3DVoxelised
[2023-12-13 17:07:45.278] G4Cout [info] --- G4CoupledTransportation is used 
[2023-12-13 17:07:47.771] G4Cout [info] Pre-beam elapsed time [s] : 2.49546
[2023-12-13 17:07:47.772] G4Cout [info] [INFO]:: UIManager :: RUN SETUP 
[2023-12-13 17:07:47.772] G4Cout [info] [32m[INFO][0m:: [34mGENERATING NEW RUN... [0m
[2023-12-13 17:07:47.772] G4Cout [info] [32m[INFO][0m:: NEvents: 10000
[2023-12-13 17:07:47.772] G4Cout [info] [32m[INFO][0m:: Rotation: 
   [ (           1             0             0)
     (           0             1             0)
     (           0             0             1) ]

[2023-12-13 17:07:47.780] G4Cout [info] ### Run 0 starts (master).
[2023-12-13 17:07:47.780] G4Cout [info] [DEUBG]:: NTupleEventAnalisys:: creating TTree data from cell as a single voxel scoring
[2023-12-13 17:07:47.781] G4Cout [info] [DEUBG]:: NTupleEventAnalisys:: creating TTree data from vexelised cell scoring
[2023-12-13 17:07:47.781] G4Cout [info] Phantom centre: (0,0,0) [cm] 
[2023-12-13 17:07:49.417] G4Cout [info] Global-loop elapsed time [s] : 1.63583
[2023-12-13 17:07:49.487] G4Cout [info] [32m[INFO][0m:: [34mGENERATING NEW RUN... [0m
[2023-12-13 17:07:49.487] G4Cout [info] [32m[INFO][0m:: NEvents: 10000
[2023-12-13 17:07:49.487] G4Cout [info] [32m[INFO][0m:: Rotation: 
   [ (           1             0             0)
     (           0             1             0)
     (           0             0             1) ]

[2023-12-13 17:07:49.495] G4Cout [info] ### Run 1 starts (master).
[2023-12-13 17:07:49.495] G4Cout [info] Phantom centre: (0,0,0) [cm] 
[2023-12-13 17:07:51.188] G4Cout [info] Global-loop elapsed time [s] : 1.69281
[2023-12-13 17:07:51.214] G4Cout [info] Post-beam elapsed time [s] : 4e-07
[2023-12-13 17:07:51.214] G4Cout [info] [INFO]:: LinacUIManager :: Service finalization 
[2023-12-13 17:07:51.217] G4Cout [info] G4GDML: Writing '/home/geant4/workspace/g4rt/output/web_job_example_23/geo/world_geometry.gdml'...
[2023-12-13 17:07:51.217] G4Cout [info] G4GDML: Writing definitions...
[2023-12-13 17:07:51.217] G4Cout [info] G4GDML: Writing materials...
[2023-12-13 17:07:51.217] G4Cout [info] G4GDML: Writing solids...
[2023-12-13 17:07:51.217] G4Cout [info] G4GDML: Writing structure...
[2023-12-13 17:07:51.217] G4Cout [info] G4GDML: Writing setup...
[2023-12-13 17:07:51.218] G4Cout [info] G4GDML: Writing surfaces...
[2023-12-13 17:07:51.219] G4Cout [info] G4GDML: Writing '/home/geant4/workspace/g4rt/output/web_job_example_23/geo/world_geometry.gdml' done !
