[2023-12-13 17:07:45.229] RunSvc [debug] Logger RunSvc configured.
[2023-12-13 17:07:45.229] RunSvc [info] Logger recreated.
[2023-12-13 17:07:45.229] RunSvc [info] Service initialization...
[2023-12-13 17:07:45.230] RunSvc [info] Importing configuration from:
../jobs/web/web_job.toml
[2023-12-13 17:07:45.230] RunSvc [info] Launching 4 thread(s)
[2023-12-13 17:07:45.230] RunSvc [info] Launching emstandard_opt3 physics model
[2023-12-13 17:07:45.230] RunSvc [info] Launching 2 control points
[2023-12-13 17:07:45.272] RunSvc [info] FullSimulationMode
[2023-12-13 17:07:45.272] RunSvc [info] RNG Seed: 137 
[2023-12-13 17:07:45.272] RunSvc [info] UserG4Initialization...
[2023-12-13 17:07:45.276] RunSvc [info] Initialisation elapsed time [s]: 0.00427265
[2023-12-13 17:07:51.214] RunSvc [debug] Writing Geometry Data
[2023-12-13 17:07:51.697] RunSvc [debug] Writing Control Point Data (CP-0)
[2023-12-13 17:07:51.881] RunSvc [debug] Writing Control Point Data (CP-1)
[2023-12-13 17:07:51.961] RunSvc [info] Job output dir: /home/geant4/workspace/g4rt/output/web_job_example_23
[2023-12-13 17:07:52.028] RunSvc [debug] AddFile: /home/geant4/workspace/g4rt/output/web_job_example_23/sim/cp-1_sim.root
[2023-12-13 17:07:52.028] RunSvc [debug] AddFile: /home/geant4/workspace/g4rt/output/web_job_example_23/sim/cp-1_field_mask.root
[2023-12-13 17:07:52.028] RunSvc [debug] AddFile: /home/geant4/workspace/g4rt/output/web_job_example_23/sim/cp-0_sim.root
[2023-12-13 17:07:52.029] RunSvc [debug] AddFile: /home/geant4/workspace/g4rt/output/web_job_example_23/sim/cp-0_field_mask.root
[2023-12-13 17:07:52.029] RunSvc [debug] AddFile: /home/geant4/workspace/g4rt/output/web_job_example_23/sim/cp-1_field_mask_scoring_volume.root
[2023-12-13 17:07:52.029] RunSvc [debug] AddFile: /home/geant4/workspace/g4rt/output/web_job_example_23/sim/cp-0_field_mask_scoring_volume.root
[2023-12-13 17:07:52.029] RunSvc [debug] AddFile: /home/geant4/workspace/g4rt/output/web_job_example_23/geo/detector_scoring_volume_positioning.root
[2023-12-13 17:07:52.029] RunSvc [debug] AddFile: /home/geant4/workspace/g4rt/output/web_job_example_23/geo/world_geometry.root
[2023-12-13 17:07:52.131] RunSvc [info] Merging to file: /home/geant4/workspace/g4rt/output/web_job_example_23/web_job_example.root - done!
[2023-12-13 17:07:52.131] RunSvc [info] Goodbye from G4RT!
