[2023-12-13 16:48:20.231] RunSvc [debug] Logger RunSvc configured.
[2023-12-13 16:48:20.231] RunSvc [info] Logger recreated.
[2023-12-13 16:48:20.231] RunSvc [info] Service initialization...
[2023-12-13 16:48:20.231] RunSvc [info] Importing configuration from:
../jobs/web/web_job.toml
[2023-12-13 16:48:20.231] RunSvc [info] Launching 4 thread(s)
[2023-12-13 16:48:20.231] RunSvc [info] Launching emstandard_opt3 physics model
[2023-12-13 16:48:20.231] RunSvc [info] Launching 2 control points
[2023-12-13 16:48:20.275] RunSvc [info] FullSimulationMode
[2023-12-13 16:48:20.275] RunSvc [info] RNG Seed: 137 
[2023-12-13 16:48:20.275] RunSvc [info] UserG4Initialization...
[2023-12-13 16:48:20.280] RunSvc [info] Initialisation elapsed time [s]: 0.004736749
[2023-12-13 16:48:26.048] RunSvc [debug] Writing Geometry Data
[2023-12-13 16:48:26.570] RunSvc [debug] Writing Control Point Data (CP-0)
[2023-12-13 16:48:26.748] RunSvc [debug] Writing Control Point Data (CP-1)
[2023-12-13 16:48:26.823] RunSvc [info] Job output dir: /home/geant4/workspace/g4rt/output/web_job_example_21
[2023-12-13 16:48:26.897] RunSvc [debug] AddFile: /home/geant4/workspace/g4rt/output/web_job_example_21/sim/cp-1_sim.root
[2023-12-13 16:48:26.897] RunSvc [debug] AddFile: /home/geant4/workspace/g4rt/output/web_job_example_21/sim/cp-1_field_mask.root
[2023-12-13 16:48:26.897] RunSvc [debug] AddFile: /home/geant4/workspace/g4rt/output/web_job_example_21/sim/cp-0_sim.root
[2023-12-13 16:48:26.898] RunSvc [debug] AddFile: /home/geant4/workspace/g4rt/output/web_job_example_21/sim/cp-0_field_mask.root
[2023-12-13 16:48:26.898] RunSvc [debug] AddFile: /home/geant4/workspace/g4rt/output/web_job_example_21/sim/cp-1_field_mask_scoring_volume.root
[2023-12-13 16:48:26.898] RunSvc [debug] AddFile: /home/geant4/workspace/g4rt/output/web_job_example_21/sim/cp-0_field_mask_scoring_volume.root
[2023-12-13 16:48:26.898] RunSvc [debug] AddFile: /home/geant4/workspace/g4rt/output/web_job_example_21/geo/world_geometry.root
[2023-12-13 16:48:26.988] RunSvc [info] Merging to file: /home/geant4/workspace/g4rt/output/web_job_example_21/web_job_example.root - done!
[2023-12-13 16:48:26.988] RunSvc [info] Goodbye from G4RT!
