[2023-12-13 16:33:27.907] RunSvc [debug] Logger RunSvc configured.
[2023-12-13 16:33:27.907] RunSvc [info] Logger recreated.
[2023-12-13 16:33:27.907] RunSvc [info] Service initialization...
[2023-12-13 16:33:27.907] RunSvc [info] Importing configuration from:
../jobs/web/web_job.toml
[2023-12-13 16:33:27.907] RunSvc [info] Launching 4 thread(s)
[2023-12-13 16:33:27.907] RunSvc [info] Launching emstandard_opt3 physics model
[2023-12-13 16:33:27.907] RunSvc [info] Launching 2 control points
[2023-12-13 16:33:27.967] RunSvc [info] FullSimulationMode
[2023-12-13 16:33:27.967] RunSvc [info] RNG Seed: 137 
[2023-12-13 16:33:27.967] RunSvc [info] UserG4Initialization...
[2023-12-13 16:33:27.980] RunSvc [info] Initialisation elapsed time [s]: 0.012811354
[2023-12-13 16:33:33.845] RunSvc [debug] Writing Geometry Data
[2023-12-13 16:33:35.359] RunSvc [debug] Writing Control Point Data (CP-0)
[2023-12-13 16:33:35.701] RunSvc [debug] Writing Control Point Data (CP-1)
[2023-12-13 16:33:35.789] RunSvc [info] Job output dir: /home/geant4/workspace/g4rt/output/web_job_example_20
[2023-12-13 16:33:35.879] RunSvc [debug] AddFile: /home/geant4/workspace/g4rt/output/web_job_example_20/sim/cp-1_sim.root
[2023-12-13 16:33:35.879] RunSvc [debug] AddFile: /home/geant4/workspace/g4rt/output/web_job_example_20/sim/cp-1_field_mask.root
[2023-12-13 16:33:35.880] RunSvc [debug] AddFile: /home/geant4/workspace/g4rt/output/web_job_example_20/sim/cp-0_sim.root
[2023-12-13 16:33:35.880] RunSvc [debug] AddFile: /home/geant4/workspace/g4rt/output/web_job_example_20/sim/cp-0_field_mask.root
[2023-12-13 16:33:35.880] RunSvc [debug] AddFile: /home/geant4/workspace/g4rt/output/web_job_example_20/sim/cp-1_field_mask_scoring_volume.root
[2023-12-13 16:33:35.880] RunSvc [debug] AddFile: /home/geant4/workspace/g4rt/output/web_job_example_20/sim/cp-0_field_mask_scoring_volume.root
[2023-12-13 16:33:35.880] RunSvc [debug] AddFile: /home/geant4/workspace/g4rt/output/web_job_example_20/geo/world_geometry.root
[2023-12-13 16:33:35.986] RunSvc [info] Merging to file: /home/geant4/workspace/g4rt/output/web_job_example_20/web_job_example.root - done!
[2023-12-13 16:33:35.986] RunSvc [info] Goodbye from G4RT!
