[2023-12-13 14:27:41.533] RunSvc [debug] Logger RunSvc configured.
[2023-12-13 14:27:41.533] RunSvc [info] Logger recreated.
[2023-12-13 14:27:41.533] RunSvc [info] Service initialization...
[2023-12-13 14:27:41.533] RunSvc [info] Importing configuration from:
../jobs/web/web_job.toml
[2023-12-13 14:27:41.534] RunSvc [info] Launching 4 thread(s)
[2023-12-13 14:27:41.534] RunSvc [info] Launching emstandard_opt3 physics model
[2023-12-13 14:27:41.534] RunSvc [info] Launching 2 control points
[2023-12-13 14:27:41.586] RunSvc [info] FullSimulationMode
[2023-12-13 14:27:41.586] RunSvc [info] RNG Seed: 137 
[2023-12-13 14:27:41.586] RunSvc [info] UserG4Initialization...
[2023-12-13 14:27:41.596] RunSvc [info] Initialisation elapsed time [s]: 0.00933561
[2023-12-13 14:27:47.363] RunSvc [debug] Writing Geometry Data
[2023-12-13 14:27:47.986] RunSvc [debug] Writing Control Point Data (CP-0)
[2023-12-13 14:27:48.170] RunSvc [debug] Writing Control Point Data (CP-1)
[2023-12-13 14:27:48.253] RunSvc [info] Job output dir: /home/geant4/workspace/g4rt/output/web_job_example_17
[2023-12-13 14:27:48.317] RunSvc [debug] AddFile: /home/geant4/workspace/g4rt/output/web_job_example_17/sim/cp-1_sim.root
[2023-12-13 14:27:48.318] RunSvc [debug] AddFile: /home/geant4/workspace/g4rt/output/web_job_example_17/sim/cp-1_field_mask.root
[2023-12-13 14:27:48.318] RunSvc [debug] AddFile: /home/geant4/workspace/g4rt/output/web_job_example_17/sim/cp-0_sim.root
[2023-12-13 14:27:48.318] RunSvc [debug] AddFile: /home/geant4/workspace/g4rt/output/web_job_example_17/sim/cp-0_field_mask.root
[2023-12-13 14:27:48.318] RunSvc [debug] AddFile: /home/geant4/workspace/g4rt/output/web_job_example_17/sim/cp-1_field_mask_scoring_volume.root
[2023-12-13 14:27:48.318] RunSvc [debug] AddFile: /home/geant4/workspace/g4rt/output/web_job_example_17/sim/cp-0_field_mask_scoring_volume.root
[2023-12-13 14:27:48.319] RunSvc [debug] AddFile: /home/geant4/workspace/g4rt/output/web_job_example_17/geo/world_geometry.root
[2023-12-13 14:27:48.418] RunSvc [info] Merging to file: /home/geant4/workspace/g4rt/output/web_job_example_17/web_job_example.root - done!
[2023-12-13 14:27:48.418] RunSvc [info] Goodbye from G4RT!
