[2023-12-13 17:25:22.152] RunSvc [debug] Logger RunSvc configured.
[2023-12-13 17:25:22.152] RunSvc [info] Logger recreated.
[2023-12-13 17:25:22.152] RunSvc [info] Service initialization...
[2023-12-13 17:25:22.152] RunSvc [info] Importing configuration from:
../jobs/web/web_job.toml
[2023-12-13 17:25:22.152] RunSvc [info] Launching 4 thread(s)
[2023-12-13 17:25:22.152] RunSvc [info] Launching emstandard_opt3 physics model
[2023-12-13 17:25:22.152] RunSvc [info] Launching 2 control points
[2023-12-13 17:25:22.197] RunSvc [info] FullSimulationMode
[2023-12-13 17:25:22.197] RunSvc [info] RNG Seed: 137 
[2023-12-13 17:25:22.197] RunSvc [info] UserG4Initialization...
[2023-12-13 17:25:22.203] RunSvc [info] Initialisation elapsed time [s]: 0.006031971
[2023-12-13 17:25:27.896] RunSvc [debug] Writing Geometry Data
[2023-12-13 17:25:28.502] RunSvc [debug] Writing Control Point Data (CP-0)
[2023-12-13 17:25:28.658] RunSvc [debug] Writing Control Point Data (CP-1)
[2023-12-13 17:25:28.710] RunSvc [info] Job output dir: /home/geant4/workspace/g4rt/output/web_job_example_24
[2023-12-13 17:25:28.774] RunSvc [debug] AddFile: /home/geant4/workspace/g4rt/output/web_job_example_24/sim/cp-1_sim.root
[2023-12-13 17:25:28.774] RunSvc [debug] AddFile: /home/geant4/workspace/g4rt/output/web_job_example_24/sim/cp-1_field_mask.root
[2023-12-13 17:25:28.774] RunSvc [debug] AddFile: /home/geant4/workspace/g4rt/output/web_job_example_24/sim/cp-0_sim.root
[2023-12-13 17:25:28.774] RunSvc [debug] AddFile: /home/geant4/workspace/g4rt/output/web_job_example_24/sim/cp-0_field_mask.root
[2023-12-13 17:25:28.774] RunSvc [debug] AddFile: /home/geant4/workspace/g4rt/output/web_job_example_24/sim/cp-1_field_mask_scoring_volume.root
[2023-12-13 17:25:28.775] RunSvc [debug] AddFile: /home/geant4/workspace/g4rt/output/web_job_example_24/sim/cp-0_field_mask_scoring_volume.root
[2023-12-13 17:25:28.775] RunSvc [debug] AddFile: /home/geant4/workspace/g4rt/output/web_job_example_24/geo/detector_scoring_volume_positioning.root
[2023-12-13 17:25:28.775] RunSvc [debug] AddFile: /home/geant4/workspace/g4rt/output/web_job_example_24/geo/world_geometry.root
[2023-12-13 17:25:28.842] RunSvc [info] Merging to file: /home/geant4/workspace/g4rt/output/web_job_example_24/web_job_example.root - done!
[2023-12-13 17:25:28.842] RunSvc [info] Goodbye from G4RT!
