[2023-12-13 14:23:11.562] RunSvc [debug] Logger RunSvc configured.
[2023-12-13 14:23:11.562] RunSvc [info] Logger recreated.
[2023-12-13 14:23:11.562] RunSvc [info] Service initialization...
[2023-12-13 14:23:11.562] RunSvc [info] Importing configuration from:
../jobs/web/web_job.toml
[2023-12-13 14:23:11.563] RunSvc [info] Launching 4 thread(s)
[2023-12-13 14:23:11.563] RunSvc [info] Launching emstandard_opt3 physics model
[2023-12-13 14:23:11.563] RunSvc [info] Launching 2 control points
[2023-12-13 14:23:11.621] RunSvc [info] FullSimulationMode
[2023-12-13 14:23:11.621] RunSvc [info] RNG Seed: 137 
[2023-12-13 14:23:11.621] RunSvc [info] UserG4Initialization...
[2023-12-13 14:23:11.638] RunSvc [info] Initialisation elapsed time [s]: 0.0168736
[2023-12-13 14:23:17.584] RunSvc [debug] Writing Geometry Data
[2023-12-13 14:23:19.289] RunSvc [debug] Writing Control Point Data (CP-0)
[2023-12-13 14:23:19.579] RunSvc [debug] Writing Control Point Data (CP-1)
[2023-12-13 14:23:19.659] RunSvc [info] Job output dir: /home/geant4/workspace/g4rt/output/web_job_example_16
[2023-12-13 14:23:19.756] RunSvc [debug] AddFile: /home/geant4/workspace/g4rt/output/web_job_example_16/sim/cp-1_sim.root
[2023-12-13 14:23:19.756] RunSvc [debug] AddFile: /home/geant4/workspace/g4rt/output/web_job_example_16/sim/cp-1_field_mask.root
[2023-12-13 14:23:19.756] RunSvc [debug] AddFile: /home/geant4/workspace/g4rt/output/web_job_example_16/sim/cp-0_sim.root
[2023-12-13 14:23:19.756] RunSvc [debug] AddFile: /home/geant4/workspace/g4rt/output/web_job_example_16/sim/cp-0_field_mask.root
[2023-12-13 14:23:19.757] RunSvc [debug] AddFile: /home/geant4/workspace/g4rt/output/web_job_example_16/sim/cp-1_field_mask_scoring_volume.root
[2023-12-13 14:23:19.757] RunSvc [debug] AddFile: /home/geant4/workspace/g4rt/output/web_job_example_16/sim/cp-0_field_mask_scoring_volume.root
[2023-12-13 14:23:19.757] RunSvc [debug] AddFile: /home/geant4/workspace/g4rt/output/web_job_example_16/geo/world_geometry.root
[2023-12-13 14:23:19.872] RunSvc [info] Merging to file: /home/geant4/workspace/g4rt/output/web_job_example_16/web_job_example.root - done!
[2023-12-13 14:23:19.872] RunSvc [info] Goodbye from G4RT!
