[2023-12-13 11:07:56.653] RunSvc [debug] Logger RunSvc configured.
[2023-12-13 11:07:56.653] RunSvc [info] Logger recreated.
[2023-12-13 11:07:56.653] RunSvc [info] Service initialization...
[2023-12-13 11:07:56.653] RunSvc [info] Importing configuration from:
../jobs/web/web_job.toml
[2023-12-13 11:07:56.653] RunSvc [info] Launching 4 thread(s)
[2023-12-13 11:07:56.653] RunSvc [info] Launching emstandard_opt3 physics model
[2023-12-13 11:07:56.653] RunSvc [info] Launching 2 control points
[2023-12-13 11:07:56.700] RunSvc [info] FullSimulationMode
[2023-12-13 11:07:56.700] RunSvc [info] RNG Seed: 137 
[2023-12-13 11:07:56.700] RunSvc [info] UserG4Initialization...
[2023-12-13 11:07:56.704] RunSvc [info] Initialisation elapsed time [s]: 0.003763751
[2023-12-13 11:08:02.309] RunSvc [debug] Writing Geometry Data
[2023-12-13 11:08:02.759] RunSvc [debug] Writing Control Point Data (CP-0)
[2023-12-13 11:08:02.941] RunSvc [debug] Writing Control Point Data (CP-1)
[2023-12-13 11:08:03.002] RunSvc [info] Job output dir: /home/geant4/workspace/g4rt/output/web_job_example_13
[2023-12-13 11:08:03.071] RunSvc [debug] AddFile: /home/geant4/workspace/g4rt/output/web_job_example_13/sim/cp-1_sim.root
[2023-12-13 11:08:03.072] RunSvc [debug] AddFile: /home/geant4/workspace/g4rt/output/web_job_example_13/sim/cp-1_field_mask.root
[2023-12-13 11:08:03.072] RunSvc [debug] AddFile: /home/geant4/workspace/g4rt/output/web_job_example_13/sim/cp-0_sim.root
[2023-12-13 11:08:03.072] RunSvc [debug] AddFile: /home/geant4/workspace/g4rt/output/web_job_example_13/sim/cp-0_field_mask.root
[2023-12-13 11:08:03.072] RunSvc [debug] AddFile: /home/geant4/workspace/g4rt/output/web_job_example_13/sim/cp-1_field_mask_scoring_volume.root
[2023-12-13 11:08:03.072] RunSvc [debug] AddFile: /home/geant4/workspace/g4rt/output/web_job_example_13/sim/cp-0_field_mask_scoring_volume.root
[2023-12-13 11:08:03.072] RunSvc [debug] AddFile: /home/geant4/workspace/g4rt/output/web_job_example_13/geo/world_geometry.root
[2023-12-13 11:08:03.162] RunSvc [info] Merging to file: /home/geant4/workspace/g4rt/output/web_job_example_13/web_job_example.root - done!
[2023-12-13 11:08:03.162] RunSvc [info] Goodbye from G4RT!
