[2023-12-13 10:34:40.590] RunSvc [debug] Logger RunSvc configured.
[2023-12-13 10:34:40.590] RunSvc [info] Logger recreated.
[2023-12-13 10:34:40.590] RunSvc [info] Service initialization...
[2023-12-13 10:34:40.590] RunSvc [info] Importing configuration from:
../jobs/web/web_job.toml
[2023-12-13 10:34:40.590] RunSvc [info] Launching 4 thread(s)
[2023-12-13 10:34:40.590] RunSvc [info] Launching emstandard_opt3 physics model
[2023-12-13 10:34:40.590] RunSvc [info] Launching 1 control points
[2023-12-13 10:34:40.631] RunSvc [info] FullSimulationMode
[2023-12-13 10:34:40.631] RunSvc [info] RNG Seed: 137 
[2023-12-13 10:34:40.631] RunSvc [info] UserG4Initialization...
[2023-12-13 10:34:40.635] RunSvc [info] Initialisation elapsed time [s]: 0.003329245
[2023-12-13 10:34:59.890] RunSvc [debug] Writing Geometry Data
[2023-12-13 10:35:00.323] RunSvc [debug] Writing Control Point Data (CP-0)
[2023-12-13 10:35:00.506] RunSvc [info] Output dir: /home/geant4/workspace/g4rt/output/web_job_example_7
[2023-12-13 10:35:00.574] RunSvc [debug] AddFile: /home/geant4/workspace/g4rt/output/web_job_example_7/sim/cp-0_sim.root
[2023-12-13 10:35:00.574] RunSvc [debug] AddFile: /home/geant4/workspace/g4rt/output/web_job_example_7/sim/cp-0_field_mask.root
[2023-12-13 10:35:00.575] RunSvc [debug] AddFile: /home/geant4/workspace/g4rt/output/web_job_example_7/sim/cp-0_field_mask_scoring_volume.root
[2023-12-13 10:35:00.575] RunSvc [debug] AddFile: /home/geant4/workspace/g4rt/output/web_job_example_7/geo/world_geometry.root
[2023-12-13 10:35:00.651] RunSvc [info] Merging to file: /home/geant4/workspace/g4rt/output/web_job_example_7/web_job_example.root - done!
[2023-12-13 10:35:00.651] RunSvc [info] Goodbye from G4RT!
