[2023-12-13 10:14:59.102] RunSvc [debug] Logger RunSvc configured.
[2023-12-13 10:14:59.102] RunSvc [info] Logger recreated.
[2023-12-13 10:14:59.102] RunSvc [info] Service initialization...
[2023-12-13 10:14:59.103] RunSvc [info] Importing configuration from:
../jobs/web/web_job.toml
[2023-12-13 10:14:59.103] RunSvc [info] Launching 4 thread(s)
[2023-12-13 10:14:59.103] RunSvc [info] Launching emstandard_opt3 physics model
[2023-12-13 10:14:59.103] RunSvc [info] Launching 1 control points
[2023-12-13 10:14:59.164] RunSvc [info] FullSimulationMode
[2023-12-13 10:14:59.164] RunSvc [info] RNG Seed: 137 
[2023-12-13 10:14:59.164] RunSvc [info] UserG4Initialization...
[2023-12-13 10:14:59.173] RunSvc [info] Initialisation elapsed time [s]: 0.008830806
[2023-12-13 10:15:19.181] RunSvc [debug] Writing Geometry Data
[2023-12-13 10:15:20.225] RunSvc [debug] Writing Control Point Data (CP-0)
[2023-12-13 10:15:20.460] RunSvc [info] Output dir: /home/geant4/workspace/g4rt/output/web_job_example_5
[2023-12-13 10:15:20.536] RunSvc [debug] AddFile: /home/geant4/workspace/g4rt/output/web_job_example_5/sim/cp-0_sim.root
[2023-12-13 10:15:20.536] RunSvc [debug] AddFile: /home/geant4/workspace/g4rt/output/web_job_example_5/sim/cp-0_field_mask.root
[2023-12-13 10:15:20.536] RunSvc [debug] AddFile: /home/geant4/workspace/g4rt/output/web_job_example_5/sim/cp-0_field_mask_scoring_volume.root
[2023-12-13 10:15:20.536] RunSvc [debug] AddFile: /home/geant4/workspace/g4rt/output/web_job_example_5/geo/world_geometry.root
[2023-12-13 10:15:20.610] RunSvc [info] Merging to file: /home/geant4/workspace/g4rt/output/web_job_example_5/web_job_example.root - done!
[2023-12-13 10:15:20.610] RunSvc [info] Goodbye from G4RT!
