[2023-12-13 10:49:03.613] G4Cout [debug] Logger G4Cout configured.
[2023-12-13 10:49:03.613] G4Cout [info] [INFO]:: UIManager :: Applying command :: /run/initialize
[2023-12-13 10:49:03.613] G4Cout [info] [INFO]:: NTupleEventAnalisys:: Creating tree:  Dose3D
[2023-12-13 10:49:03.613] G4Cout [info] [INFO]:: NTupleEventAnalisys:: Creating tree:  Dose3DVoxelised
[2023-12-13 10:49:03.614] G4Cout [info] --- G4CoupledTransportation is used 
[2023-12-13 10:49:06.013] G4Cout [info] Pre-beam elapsed time [s] : 2.40064
[2023-12-13 10:49:06.013] G4Cout [info] [INFO]:: UIManager :: RUN SETUP 
[2023-12-13 10:49:06.014] G4Cout [info] [32m[INFO][0m:: [34mGENERATING NEW RUN... [0m
[2023-12-13 10:49:06.014] G4Cout [info] [32m[INFO][0m:: NEvents: 100000
[2023-12-13 10:49:06.014] G4Cout [info] [32m[INFO][0m:: Rotation: 
   [ (           1             0             0)
     (           0             1             0)
     (           0             0             1) ]

[2023-12-13 10:49:06.027] G4Cout [info] ### Run 0 starts (master).
[2023-12-13 10:49:06.027] G4Cout [info] [DEUBG]:: NTupleEventAnalisys:: creating TTree data from cell as a single voxel scoring
[2023-12-13 10:49:06.027] G4Cout [info] [DEUBG]:: NTupleEventAnalisys:: creating TTree data from vexelised cell scoring
[2023-12-13 10:49:06.028] G4Cout [info] Phantom centre: (0,0,0) [cm] 
[2023-12-13 10:49:22.730] G4Cout [info] Global-loop elapsed time [s] : 16.7028
[2023-12-13 10:49:22.801] G4Cout [info] Post-beam elapsed time [s] : 3e-07
[2023-12-13 10:49:22.801] G4Cout [info] [INFO]:: LinacUIManager :: Service finalization 
[2023-12-13 10:49:22.804] G4Cout [info] G4GDML: Writing '/home/geant4/workspace/g4rt/output/web_job_example_10/geo/world_geometry.gdml'...
[2023-12-13 10:49:22.805] G4Cout [info] G4GDML: Writing definitions...
[2023-12-13 10:49:22.805] G4Cout [info] G4GDML: Writing materials...
[2023-12-13 10:49:22.805] G4Cout [info] G4GDML: Writing solids...
[2023-12-13 10:49:22.805] G4Cout [info] G4GDML: Writing structure...
[2023-12-13 10:49:22.805] G4Cout [info] G4GDML: Writing setup...
[2023-12-13 10:49:22.806] G4Cout [info] G4GDML: Writing surfaces...
[2023-12-13 10:49:22.806] G4Cout [info] G4GDML: Writing '/home/geant4/workspace/g4rt/output/web_job_example_10/geo/world_geometry.gdml' done !
