[2023-12-13 10:49:03.565] RunSvc [debug] Logger RunSvc configured.
[2023-12-13 10:49:03.565] RunSvc [info] Logger recreated.
[2023-12-13 10:49:03.565] RunSvc [info] Service initialization...
[2023-12-13 10:49:03.566] RunSvc [info] Importing configuration from:
../jobs/web/web_job.toml
[2023-12-13 10:49:03.566] RunSvc [info] Launching 4 thread(s)
[2023-12-13 10:49:03.566] RunSvc [info] Launching emstandard_opt3 physics model
[2023-12-13 10:49:03.566] RunSvc [info] Launching 1 control points
[2023-12-13 10:49:03.608] RunSvc [info] FullSimulationMode
[2023-12-13 10:49:03.608] RunSvc [info] RNG Seed: 137 
[2023-12-13 10:49:03.608] RunSvc [info] UserG4Initialization...
[2023-12-13 10:49:03.613] RunSvc [info] Initialisation elapsed time [s]: 0.004308863
[2023-12-13 10:49:22.801] RunSvc [debug] Writing Geometry Data
[2023-12-13 10:49:23.216] RunSvc [debug] Writing Control Point Data (CP-0)
[2023-12-13 10:49:23.379] RunSvc [info] Output dir: /home/geant4/workspace/g4rt/output/web_job_example_10
[2023-12-13 10:49:23.441] RunSvc [debug] AddFile: /home/geant4/workspace/g4rt/output/web_job_example_10/sim/cp-0_sim.root
[2023-12-13 10:49:23.441] RunSvc [debug] AddFile: /home/geant4/workspace/g4rt/output/web_job_example_10/sim/cp-0_field_mask.root
[2023-12-13 10:49:23.441] RunSvc [debug] AddFile: /home/geant4/workspace/g4rt/output/web_job_example_10/sim/cp-0_field_mask_scoring_volume.root
[2023-12-13 10:49:23.442] RunSvc [debug] AddFile: /home/geant4/workspace/g4rt/output/web_job_example_10/geo/world_geometry.root
[2023-12-13 10:49:23.516] RunSvc [info] Merging to file: /home/geant4/workspace/g4rt/output/web_job_example_10/web_job_example.root - done!
[2023-12-13 10:49:23.516] RunSvc [info] Goodbye from G4RT!
