[2023-12-13 10:53:18.734] RunSvc [debug] Logger RunSvc configured.
[2023-12-13 10:53:18.734] RunSvc [info] Logger recreated.
[2023-12-13 10:53:18.734] RunSvc [info] Service initialization...
[2023-12-13 10:53:18.734] RunSvc [info] Importing configuration from:
../jobs/web/web_job.toml
[2023-12-13 10:53:18.734] RunSvc [info] Launching 4 thread(s)
[2023-12-13 10:53:18.734] RunSvc [info] Launching emstandard_opt3 physics model
[2023-12-13 10:53:18.734] RunSvc [info] Launching 2 control points
[2023-12-13 10:53:18.775] RunSvc [info] FullSimulationMode
[2023-12-13 10:53:18.775] RunSvc [info] RNG Seed: 137 
[2023-12-13 10:53:18.775] RunSvc [info] UserG4Initialization...
[2023-12-13 10:53:18.779] RunSvc [info] Initialisation elapsed time [s]: 0.003808551
[2023-12-13 10:53:55.289] RunSvc [debug] Writing Geometry Data
[2023-12-13 10:53:55.694] RunSvc [debug] Writing Control Point Data (CP-0)
[2023-12-13 10:53:55.852] RunSvc [debug] Writing Control Point Data (CP-1)
[2023-12-13 10:53:55.935] RunSvc [info] Output dir: /home/geant4/workspace/g4rt/output/web_job_example_11
[2023-12-13 10:53:56.003] RunSvc [debug] AddFile: /home/geant4/workspace/g4rt/output/web_job_example_11/sim/cp-1_sim.root
[2023-12-13 10:53:56.003] RunSvc [debug] AddFile: /home/geant4/workspace/g4rt/output/web_job_example_11/sim/cp-1_field_mask.root
[2023-12-13 10:53:56.003] RunSvc [debug] AddFile: /home/geant4/workspace/g4rt/output/web_job_example_11/sim/cp-0_sim.root
[2023-12-13 10:53:56.004] RunSvc [debug] AddFile: /home/geant4/workspace/g4rt/output/web_job_example_11/sim/cp-0_field_mask.root
[2023-12-13 10:53:56.004] RunSvc [debug] AddFile: /home/geant4/workspace/g4rt/output/web_job_example_11/sim/cp-1_field_mask_scoring_volume.root
[2023-12-13 10:53:56.004] RunSvc [debug] AddFile: /home/geant4/workspace/g4rt/output/web_job_example_11/sim/cp-0_field_mask_scoring_volume.root
[2023-12-13 10:53:56.004] RunSvc [debug] AddFile: /home/geant4/workspace/g4rt/output/web_job_example_11/geo/world_geometry.root
[2023-12-13 10:53:56.090] RunSvc [info] Merging to file: /home/geant4/workspace/g4rt/output/web_job_example_11/web_job_example.root - done!
[2023-12-13 10:53:56.090] RunSvc [info] Goodbye from G4RT!
